<?xml version="1.0" encoding="UTF-8"?>
<testsuite xmlns:xsi="http://www.w3.org/2001/XMLSchema-instance" xsi:noNamespaceSchemaLocation="https://maven.apache.org/surefire/maven-surefire-plugin/xsd/surefire-test-report.xsd" name="fr.umv.java.inside.SwitchExampleTest" time="0.001" tests="6" errors="0" skipped="0" failures="0">
  <properties>
[...]
</properties>
  <testcase name="testCat" classname="fr.umv.java.inside.SwitchExampleTest" time="0.001"/>
  <testcase name="testDog" classname="fr.umv.java.inside.SwitchExampleTest" time="0"/>
  <testcase name="testHorse" classname="fr.umv.java.inside.SwitchExampleTest" time="0"/>
  <testcase name="testCat2" classname="fr.umv.java.inside.SwitchExampleTest" time="0"/>
  <testcase name="testDog2" classname="fr.umv.java.inside.SwitchExampleTest" time="0"/>
  <testcase name="testHorse2" classname="fr.umv.java.inside.SwitchExampleTest" time="0"/>
</testsuite>